
> dev
> vite --host 127.0.0.1 --port 5173

Port 5173 is in use, trying another one...

  [32m[1mVITE[22m v8.0.10[39m  [2mready in [0m[1m167[22m[2m[0m ms[22m

  [32m➜[39m  [1mLocal[22m:   [36mhttp://127.0.0.1:[1m5174[22m/[39m
[2m[32m  ➜[39m[22m[2m  press [22m[1mh + enter[22m[2m to show help[22m
[2m12:35:10 pm[22m [36m[1m[vite][22m[39m [90m[2m(client)[22m[39m [32mpage reload [39m[2mfrontend/index.html[22m
[2m12:37:14 pm[22m [36m[1m[vite][22m[39m [90m[2m(client)[22m[39m [32mpage reload [39m[2mfrontend/dist/index.html[22m
[2m12:38:14 pm[22m [36m[1m[vite][22m[39m [90m[2m(client)[22m[39m [32mpage reload [39m[2mfrontend/dist/index.html[22m
[2m12:38:14 pm[22m [36m[1m[vite][22m[39m [90m[2m(client)[22m[39m [32mpage reload [39m[2mfrontend/dist/index.html[22m
[2m12:40:20 pm[22m [36m[1m[vite][22m[39m [90m[2m(client)[22m[39m [32mpage reload [39m[2mfrontend/dist/index.html[22m
[2m12:40:20 pm[22m [36m[1m[vite][22m[39m [90m[2m(client)[22m[39m [32mpage reload [39m[2mfrontend/dist/index.html[22m
[2m12:58:33 pm[22m [36m[1m[vite][22m[39m [90m[2m(client)[22m[39m [32mpage reload [39m[2mfrontend/dist/index.html[22m
[2m12:58:33 pm[22m [36m[1m[vite][22m[39m [90m[2m(client)[22m[39m [32mpage reload [39m[2mfrontend/dist/index.html[22m
[2m1:00:18 pm[22m [36m[1m[vite][22m[39m [90m[2m(client)[22m[39m [32mpage reload [39m[2mfrontend/dist/index.html[22m
[2m1:00:19 pm[22m [36m[1m[vite][22m[39m [90m[2m(client)[22m[39m [32mpage reload [39m[2mfrontend/dist/index.html[22m
[2m1:01:18 pm[22m [36m[1m[vite][22m[39m [90m[2m(client)[22m[39m [32mpage reload [39m[2mfrontend/dist/index.html[22m
[2m1:01:18 pm[22m [36m[1m[vite][22m[39m [90m[2m(client)[22m[39m [32mpage reload [39m[2mfrontend/dist/index.html[22m
[2m2:22:10 pm[22m [36m[1m[vite][22m[39m [90m[2m(client)[22m[39m [32mpage reload [39m[2mfrontend/build-sandbox/index.html[22m
[2m2:48:57 pm[22m [36m[1m[vite][22m[39m [90m[2m(client)[22m[39m [32mpage reload [39m[2mfrontend/build-sandbox/index.html[22m
[2m2:48:57 pm[22m [36m[1m[vite][22m[39m [90m[2m(client)[22m[39m [32mpage reload [39m[2mfrontend/build-sandbox/index.html[22m
[2m2:56:56 pm[22m [36m[1m[vite][22m[39m [90m[2m(client)[22m[39m [32mpage reload [39m[2mfrontend/build-sandbox/index.html[22m
[2m2:56:56 pm[22m [36m[1m[vite][22m[39m [90m[2m(client)[22m[39m [32mpage reload [39m[2mfrontend/build-sandbox/index.html[22m
[2m3:00:55 pm[22m [36m[1m[vite][22m[39m [90m[2m(client)[22m[39m [32mpage reload [39m[2mfrontend/build-sandbox/index.html[22m
[2m3:00:56 pm[22m [36m[1m[vite][22m[39m [90m[2m(client)[22m[39m [32mpage reload [39m[2mfrontend/build-sandbox/index.html[22m
[2m3:06:12 pm[22m [36m[1m[vite][22m[39m [90m[2m(client)[22m[39m [32mpage reload [39m[2mfrontend/build-sandbox/index.html[22m
[2m3:06:12 pm[22m [36m[1m[vite][22m[39m [90m[2m(client)[22m[39m [32mpage reload [39m[2mfrontend/build-sandbox/index.html[22m
[2m3:09:24 pm[22m [36m[1m[vite][22m[39m [90m[2m(client)[22m[39m [32mpage reload [39m[2mfrontend/build-sandbox/index.html[22m
[2m3:09:25 pm[22m [36m[1m[vite][22m[39m [90m[2m(client)[22m[39m [32mpage reload [39m[2mfrontend/build-sandbox/index.html[22m
[2m3:11:41 pm[22m [36m[1m[vite][22m[39m [90m[2m(client)[22m[39m [32mpage reload [39m[2mfrontend/build-sandbox/index.html[22m
[2m3:11:41 pm[22m [36m[1m[vite][22m[39m [90m[2m(client)[22m[39m [32mpage reload [39m[2mfrontend/build-sandbox/index.html[22m
[2m3:12:16 pm[22m [36m[1m[vite][22m[39m [90m[2m(client)[22m[39m [32mpage reload [39m[2mfrontend/build-sandbox/index.html[22m
[2m3:12:16 pm[22m [36m[1m[vite][22m[39m [90m[2m(client)[22m[39m [32mpage reload [39m[2mfrontend/build-sandbox/index.html[22m
[2m3:12:16 pm[22m [36m[1m[vite][22m[39m [90m[2m(client)[22m[39m [32mpage reload [39m[2mfrontend/build-sandbox/index.html[22m
[2m3:14:32 pm[22m [36m[1m[vite][22m[39m [90m[2m(client)[22m[39m [32mpage reload [39m[2mfrontend/build-sandbox/index.html[22m
[2m3:14:32 pm[22m [36m[1m[vite][22m[39m [90m[2m(client)[22m[39m [32mpage reload [39m[2mfrontend/build-sandbox/index.html[22m
[2m3:15:46 pm[22m [36m[1m[vite][22m[39m [90m[2m(client)[22m[39m [32mpage reload [39m[2mfrontend/build-sandbox/index.html[22m
[2m3:15:46 pm[22m [36m[1m[vite][22m[39m [90m[2m(client)[22m[39m [32mpage reload [39m[2mfrontend/build-sandbox/index.html[22m
[2m3:34:34 pm[22m [36m[1m[vite][22m[39m [90m[2m(client)[22m[39m [32mpage reload [39m[2mfrontend/audit-build-check/index.html[22m
[2m3:35:11 pm[22m [36m[1m[vite][22m[39m [90m[2m(client)[22m[39m [32mpage reload [39m[2mfrontend/audit-build-check/index.html[22m
[2m3:45:51 pm[22m [36m[1m[vite][22m[39m [90m[2m(client)[22m[39m [32mpage reload [39m[2mfrontend/applicant-build-check/index.html[22m
[2m3:46:14 pm[22m [36m[1m[vite][22m[39m [90m[2m(client)[22m[39m [32mpage reload [39m[2mfrontend/applicant-build-check-2/index.html[22m
[2m3:47:02 pm[22m [36m[1m[vite][22m[39m [90m[2m(client)[22m[39m [32mpage reload [39m[2mfrontend/applicant-build-check-2/index.html[22m
[2m3:50:53 pm[22m [36m[1m[vite][22m[39m [90m[2m(client)[22m[39m [32mpage reload [39m[2mfrontend/model-card-build-check/index.html[22m
[2m3:51:30 pm[22m [36m[1m[vite][22m[39m [90m[2m(client)[22m[39m [32mpage reload [39m[2mfrontend/model-card-build-check/index.html[22m
[2m3:56:06 pm[22m [36m[1m[vite][22m[39m [90m[2m(client)[22m[39m [32mpage reload [39m[2mfrontend/demo-mode-build-check/index.html[22m
[2m3:56:40 pm[22m [36m[1m[vite][22m[39m [90m[2m(client)[22m[39m [32mpage reload [39m[2mfrontend/demo-mode-build-check/index.html[22m
[2m4:00:20 pm[22m [36m[1m[vite][22m[39m [90m[2m(client)[22m[39m [32mpage reload [39m[2mfrontend/polish-build-check/index.html[22m
[2m4:00:48 pm[22m [36m[1m[vite][22m[39m [90m[2m(client)[22m[39m [32mpage reload [39m[2mfrontend/polish-build-check/index.html[22m
[2m4:27:52 pm[22m [36m[1m[vite][22m[39m [90m[2m(client)[22m[39m [32mpage reload [39m[2mfrontend/population-build-check/index.html[22m
[2m4:28:01 pm[22m [36m[1m[vite][22m[39m [90m[2m(client)[22m[39m [32mpage reload [39m[2mfrontend/population-build-check/index.html[22m
[2m4:31:23 pm[22m [36m[1m[vite][22m[39m [90m[2m(client)[22m[39m [32mpage reload [39m[2mfrontend/fairness-test-build/index.html[22m
[2m4:31:25 pm[22m [36m[1m[vite][22m[39m [90m[2m(client)[22m[39m [32mpage reload [39m[2mfrontend/fairness-test-build/index.html[22m
[2m4:38:14 pm[22m [36m[1m[vite][22m[39m [90m[2m(client)[22m[39m [32mpage reload [39m[2mfrontend/applicants-build-check/index.html[22m
[2m4:38:24 pm[22m [36m[1m[vite][22m[39m [90m[2m(client)[22m[39m [32mpage reload [39m[2mfrontend/applicants-build-check/index.html[22m
[2m5:14:29 pm[22m [36m[1m[vite][22m[39m [90m[2m(client)[22m[39m [32mpage reload [39m[2mfrontend/winning-build-check/index.html[22m
[2m5:14:40 pm[22m [36m[1m[vite][22m[39m [90m[2m(client)[22m[39m [32mpage reload [39m[2mfrontend/winning-build-check/index.html[22m
[2m5:44:12 pm[22m [36m[1m[vite][22m[39m [90m[2m(client)[22m[39m [32mpage reload [39m[2mfrontend/build-counterfactual-temp/index.html[22m
[2m5:45:30 pm[22m [36m[1m[vite][22m[39m [90m[2m(client)[22m[39m [32mpage reload [39m[2mfrontend/build-counterfactual-temp/index.html[22m
[2m5:50:12 pm[22m [36m[1m[vite][22m[39m [90m[2m(client)[22m[39m [32mpage reload [39m[2mfrontend/build-remove-counterfactual-temp/index.html[22m
[2m5:50:49 pm[22m [36m[1m[vite][22m[39m [90m[2m(client)[22m[39m [32mpage reload [39m[2mfrontend/build-remove-counterfactual-temp/index.html[22m
[2m5:51:06 pm[22m [36m[1m[vite][22m[39m [90m[2m(client)[22m[39m [32mpage reload [39m[2mfrontend/build-remove-counterfactual-temp/index.html[22m
[2m5:54:48 pm[22m [36m[1m[vite][22m[39m [90m[2m(client)[22m[39m [32mpage reload [39m[2mfrontend/build-anomaly-temp/index.html[22m
[2m5:55:23 pm[22m [36m[1m[vite][22m[39m [90m[2m(client)[22m[39m [32mpage reload [39m[2mfrontend/build-anomaly-temp/index.html[22m
[2m5:55:23 pm[22m [36m[1m[vite][22m[39m [90m[2m(client)[22m[39m [32mpage reload [39m[2mfrontend/build-anomaly-temp/index.html[22m
[2m5:55:35 pm[22m [36m[1m[vite][22m[39m [90m[2m(client)[22m[39m [32mpage reload [39m[2mfrontend/build-anomaly-temp/index.html[22m
[2m5:55:38 pm[22m [36m[1m[vite][22m[39m [90m[2m(client)[22m[39m [32mpage reload [39m[2mfrontend/build-anomaly-temp/index.html[22m
[2m5:55:38 pm[22m [36m[1m[vite][22m[39m [90m[2m(client)[22m[39m [32mpage reload [39m[2mfrontend/build-anomaly-temp/index.html[22m
[2m6:03:31 pm[22m [36m[1m[vite][22m[39m [90m[2m(client)[22m[39m [32mpage reload [39m[2mfrontend/build-sandbox-fix-temp/index.html[22m
[2m6:04:17 pm[22m [36m[1m[vite][22m[39m [90m[2m(client)[22m[39m [32mpage reload [39m[2mfrontend/build-sandbox-fix-temp/index.html[22m
[2m6:04:17 pm[22m [36m[1m[vite][22m[39m [90m[2m(client)[22m[39m [32mpage reload [39m[2mfrontend/build-sandbox-fix-temp/index.html[22m
[2m6:07:53 pm[22m [36m[1m[vite][22m[39m [90m[2m(client)[22m[39m [32mpage reload [39m[2mfrontend/build-sandbox-chart-temp/index.html[22m
[2m6:08:37 pm[22m [36m[1m[vite][22m[39m [90m[2m(client)[22m[39m [32mpage reload [39m[2mfrontend/build-sandbox-chart-temp/index.html[22m
[2m6:09:12 pm[22m [36m[1m[vite][22m[39m [90m[2m(client)[22m[39m [32mpage reload [39m[2mfrontend/build-sandbox-chart-temp/index.html[22m
[2m6:09:21 pm[22m [36m[1m[vite][22m[39m [90m[2m(client)[22m[39m [32mpage reload [39m[2mfrontend/build-sandbox-chart-temp/index.html[22m
[2m8:37:35 pm[22m [36m[1m[vite][22m[39m [90m[2m(client)[22m[39m [32mpage reload [39m[2mfrontend/index.html[22m
[2m9:28:23 pm[22m [36m[1m[vite][22m[39m [90m[2m(client)[22m[39m [32mpage reload [39m[2mfrontend/index.html[22m
[2m9:45:50 pm[22m [36m[1m[vite][22m[39m [90m[2m(client)[22m[39m [32mpage reload [39m[2mfrontend/dist/index.html[22m
[2m9:45:50 pm[22m [36m[1m[vite][22m[39m [90m[2m(client)[22m[39m [32mpage reload [39m[2mfrontend/dist/index.html[22m
[2m9:46:29 pm[22m [36m[1m[vite][22m[39m [90m[2m(client)[22m[39m [32mpage reload [39m[2mfrontend/dist/index.html[22m
[2m9:46:29 pm[22m [36m[1m[vite][22m[39m [90m[2m(client)[22m[39m [32mpage reload [39m[2mfrontend/dist/index.html[22m
[2m10:13:27 pm[22m [36m[1m[vite][22m[39m [90m[2m(client)[22m[39m [32mpage reload [39m[2mfrontend/dist/index.html[22m
[2m10:13:27 pm[22m [36m[1m[vite][22m[39m [90m[2m(client)[22m[39m [32mpage reload [39m[2mfrontend/dist/index.html[22m
[2m10:14:48 pm[22m [36m[1m[vite][22m[39m [90m[2m(client)[22m[39m [32mpage reload [39m[2mfrontend/dist/index.html[22m
[2m10:14:48 pm[22m [36m[1m[vite][22m[39m [90m[2m(client)[22m[39m [32mpage reload [39m[2mfrontend/dist/index.html[22m
[2m10:15:15 pm[22m [36m[1m[vite][22m[39m [90m[2m(client)[22m[39m [32mpage reload [39m[2mfrontend/dist/index.html[22m
[2m10:16:11 pm[22m [36m[1m[vite][22m[39m [90m[2m(client)[22m[39m [32mpage reload [39m[2mfrontend/dist/index.html[22m
[2m10:16:11 pm[22m [36m[1m[vite][22m[39m [90m[2m(client)[22m[39m [32mpage reload [39m[2mfrontend/dist/index.html[22m
